<?xml version="1.0" encoding="UTF-8"?>
<!-- Generated by org.testng.reporters.JUnitReportReporter -->
<testsuite hostname="appventurez-HP-ProBook-440-G1" failures="0" tests="1" name="com.apitesting.PutTest" time="1.201" errors="0" timestamp="30 Jul 2019 12:06:55 GMT" skipped="0">
  <testcase classname="com.apitesting.PutTest" name="TestPost" time="1.201"/>
</testsuite> <!-- com.apitesting.PutTest -->
