<?xml version="1.0" encoding="UTF-8"?>
<!-- Generated by org.testng.reporters.JUnitReportReporter -->
<testsuite hostname="appventurez-HP-ProBook-440-G1" failures="0" tests="1" name="com.apitesting.ApiTest1" time="2.548" errors="0" timestamp="26 Jul 2019 06:07:47 GMT" skipped="0">
  <testcase classname="com.apitesting.ApiTest1" name="test" time="2.548"/>
</testsuite> <!-- com.apitesting.ApiTest1 -->
