<?xml version="1.0" encoding="UTF-8"?>
<!-- Generated by org.testng.reporters.JUnitReportReporter -->
<testsuite hostname="appventurez-HP-ProBook-440-G1" failures="0" tests="1" name="com.apitesting.ValidateStatus" time="2.015" errors="0" timestamp="26 Jul 2019 08:09:25 GMT" skipped="0">
  <testcase classname="com.apitesting.ValidateStatus" name="validateCorrectStatus" time="2.015"/>
</testsuite> <!-- com.apitesting.ValidateStatus -->
