<?xml version="1.0" encoding="UTF-8"?>
<!-- Generated by org.testng.reporters.JUnitReportReporter -->
<testsuite hostname="appventurez-HP-ProBook-440-G1" failures="0" tests="1" name="com.apitesting.PostTest" time="1.489" errors="0" timestamp="30 Jul 2019 12:00:19 GMT" skipped="0">
  <testcase classname="com.apitesting.PostTest" name="TestLoginAPI" time="1.489"/>
</testsuite> <!-- com.apitesting.PostTest -->
