<?xml version="1.0" encoding="UTF-8"?>
<!-- Generated by org.testng.reporters.JUnitReportReporter -->
<testsuite hostname="appventurez-HP-ProBook-440-G1" failures="0" tests="1" name="com.apitesting.DeleteTest" time="1.463" errors="0" timestamp="30 Jul 2019 11:57:26 GMT" skipped="0">
  <testcase classname="com.apitesting.DeleteTest" name="TestPost" time="1.463"/>
</testsuite> <!-- com.apitesting.DeleteTest -->
