<?xml version="1.0" encoding="UTF-8"?>
<!-- Generated by org.testng.reporters.JUnitReportReporter -->
<testsuite hostname="appventurez-HP-ProBook-440-G1" failures="0" tests="1" name="com.apitesting.ValidateHeader" time="1.766" errors="0" timestamp="26 Jul 2019 07:22:37 GMT" skipped="0">
  <testcase classname="com.apitesting.ValidateHeader" name="readHeader" time="1.766"/>
</testsuite> <!-- com.apitesting.ValidateHeader -->
