<?xml version="1.0" encoding="UTF-8"?>
<!-- Generated by org.testng.reporters.JUnitReportReporter -->
<testsuite hostname="appventurez-HP-ProBook-440-G1" failures="0" tests="1" name="com.apitesting.LoginAPIHomefuud" time="11.747" errors="0" timestamp="01 Aug 2019 05:31:24 GMT" skipped="0">
  <testcase classname="com.apitesting.LoginAPIHomefuud" name="LoginTest" time="11.747"/>
</testsuite> <!-- com.apitesting.LoginAPIHomefuud -->
